<?xml version="1.0" encoding="UTF-8"?>
<testsuite name="dev.likelion.summer.SummerApplicationTests" tests="1" skipped="0" failures="0" errors="0" timestamp="2023-07-12T03:33:37" hostname="gimdong-gyuui-MacBookPro.local" time="0.363">
  <properties/>
  <testcase name="contextLoads()" classname="dev.likelion.summer.SummerApplicationTests" time="0.363"/>
  <system-out><![CDATA[12:33:34.608 [Test worker] INFO org.springframework.test.context.support.AnnotationConfigContextLoaderUtils -- Could not detect default configuration classes for test class [dev.likelion.summer.SummerApplicationTests]: SummerApplicationTests does not declare any static, non-private, non-final, nested classes annotated with @Configuration.
12:33:34.678 [Test worker] INFO org.springframework.boot.test.context.SpringBootTestContextBootstrapper -- Found @SpringBootConfiguration dev.likelion.summer.SummerApplication for test class dev.likelion.summer.SummerApplicationTests

  .   ____          _            __ _ _
 /\\ / ___'_ __ _ _(_)_ __  __ _ \ \ \ \
( ( )\___ | '_ | '_| | '_ \/ _` | \ \ \ \
 \\/  ___)| |_)| | | | | || (_| |  ) ) ) )
  '  |____| .__|_| |_|_| |_\__, | / / / /
 =========|_|==============|___/=/_/_/_/
 :: Spring Boot ::                (v3.1.1)

2023-07-12T12:33:34.938+09:00  WARN 45731 --- [    Test worker] ory$DuplicateJsonObjectContextCustomizer : 

Found multiple occurrences of org.json.JSONObject on the class path:

	jar:file:/Users/kimdong-gyu/.gradle/caches/modules-2/files-2.1/org.json/json/20220320/6df2c050972619466f6dcef7654ef9bcc01dfd0/json-20220320.jar!/org/json/JSONObject.class
	jar:file:/Users/kimdong-gyu/.gradle/caches/modules-2/files-2.1/com.vaadin.external.google/android-json/0.0.20131108.vaadin1/fa26d351fe62a6a17f5cda1287c1c6110dec413f/android-json-0.0.20131108.vaadin1.jar!/org/json/JSONObject.class

You may wish to exclude one of them to ensure predictable runtime behavior

2023-07-12T12:33:34.946+09:00  INFO 45731 --- [    Test worker] d.l.summer.SummerApplicationTests        : Starting SummerApplicationTests using Java 17.0.7 with PID 45731 (started by kimdong-gyu in /Users/kimdong-gyu/Desktop/LikeLion/project/SummerProject)
2023-07-12T12:33:34.946+09:00  INFO 45731 --- [    Test worker] d.l.summer.SummerApplicationTests        : No active profile set, falling back to 1 default profile: "default"
2023-07-12T12:33:35.442+09:00  INFO 45731 --- [    Test worker] .s.d.r.c.RepositoryConfigurationDelegate : Bootstrapping Spring Data JPA repositories in DEFAULT mode.
2023-07-12T12:33:35.479+09:00  INFO 45731 --- [    Test worker] .s.d.r.c.RepositoryConfigurationDelegate : Finished Spring Data repository scanning in 32 ms. Found 2 JPA repository interfaces.
2023-07-12T12:33:35.757+09:00  INFO 45731 --- [    Test worker] o.hibernate.jpa.internal.util.LogHelper  : HHH000204: Processing PersistenceUnitInfo [name: default]
2023-07-12T12:33:35.784+09:00  INFO 45731 --- [    Test worker] org.hibernate.Version                    : HHH000412: Hibernate ORM core version 6.2.5.Final
2023-07-12T12:33:35.786+09:00  INFO 45731 --- [    Test worker] org.hibernate.cfg.Environment            : HHH000406: Using bytecode reflection optimizer
2023-07-12T12:33:35.864+09:00  INFO 45731 --- [    Test worker] o.h.b.i.BytecodeProviderInitiator        : HHH000021: Bytecode provider name : bytebuddy
2023-07-12T12:33:35.941+09:00  INFO 45731 --- [    Test worker] o.s.o.j.p.SpringPersistenceUnitInfo      : No LoadTimeWeaver setup: ignoring JPA class transformer
2023-07-12T12:33:35.951+09:00  INFO 45731 --- [    Test worker] com.zaxxer.hikari.HikariDataSource       : HikariPool-1 - Starting...
2023-07-12T12:33:36.257+09:00  INFO 45731 --- [    Test worker] com.zaxxer.hikari.pool.HikariPool        : HikariPool-1 - Added connection com.mysql.cj.jdbc.ConnectionImpl@48ee3c2d
2023-07-12T12:33:36.258+09:00  INFO 45731 --- [    Test worker] com.zaxxer.hikari.HikariDataSource       : HikariPool-1 - Start completed.
2023-07-12T12:33:36.480+09:00  INFO 45731 --- [    Test worker] o.h.b.i.BytecodeProviderInitiator        : HHH000021: Bytecode provider name : bytebuddy
2023-07-12T12:33:36.954+09:00  INFO 45731 --- [    Test worker] o.h.e.t.j.p.i.JtaPlatformInitiator       : HHH000490: Using JtaPlatform implementation: [org.hibernate.engine.transaction.jta.platform.internal.NoJtaPlatform]
Hibernate: 
    alter table post 
       modify column modified_date  datetime(6)
Hibernate: 
    alter table post 
       modify column reg_date  datetime(6)
Hibernate: 
    alter table user 
       modify column modified_date  datetime(6)
Hibernate: 
    alter table user 
       modify column reg_date  datetime(6)
2023-07-12T12:33:37.125+09:00  INFO 45731 --- [    Test worker] j.LocalContainerEntityManagerFactoryBean : Initialized JPA EntityManagerFactory for persistence unit 'default'
2023-07-12T12:33:37.299+09:00  INFO 45731 --- [    Test worker] o.s.d.j.r.query.QueryEnhancerFactory     : Hibernate is in classpath; If applicable, HQL parser will be used.
2023-07-12T12:33:37.677+09:00  WARN 45731 --- [    Test worker] JpaBaseConfiguration$JpaWebConfiguration : spring.jpa.open-in-view is enabled by default. Therefore, database queries may be performed during view rendering. Explicitly configure spring.jpa.open-in-view to disable this warning
2023-07-12T12:33:37.980+09:00  INFO 45731 --- [    Test worker] d.l.summer.SummerApplicationTests        : Started SummerApplicationTests in 3.206 seconds (process running for 3.959)
]]></system-out>
  <system-err><![CDATA[]]></system-err>
</testsuite>
